2019-06-10T11:17:01+00:00 CRITICAL syntax error, unexpected '<', expecting end of file в C:\xampp\htdocs\TES\wp-content\themes\tkani-shop\woocommerce\archive-product.php на строке 102

2019-06-10T13:56:17+00:00 CRITICAL Uncaught ArgumentCountError: Too few arguments to function remove_action(), 1 passed in C:\xampp\htdocs\TES\wp-content\themes\tkani-shop\woocommerce\includes\wc-functions-remove.php on line 19 and at least 2 expected in C:\xampp\htdocs\TES\wp-includes\plugin.php:570
Stack trace:
#0 C:\xampp\htdocs\TES\wp-content\themes\tkani-shop\woocommerce\includes\wc-functions-remove.php(19): remove_action('woocommerce_bef...')
#1 C:\xampp\htdocs\TES\wp-content\themes\tkani-shop\functions.php(83): require('C:\\xampp\\htdocs...')
#2 C:\xampp\htdocs\TES\wp-settings.php(479): include('C:\\xampp\\htdocs...')
#3 C:\xampp\htdocs\TES\wp-config.php(76): require_once('C:\\xampp\\htdocs...')
#4 C:\xampp\htdocs\TES\wp-load.php(37): require_once('C:\\xampp\\htdocs...')
#5 C:\xampp\htdocs\TES\wp-blog-header.php(13): require_once('C:\\xampp\\htdocs...')
#6 C:\xampp\htdocs\TES\index.php(17): require('C:\\xampp\\htdocs...')
#7 {main}
  thrown в C:\xampp\htdocs\TES\wp-includes\plugin.php на строке 570

2019-06-10T14:38:14+00:00 CRITICAL syntax error, unexpected 'remove_all_actions' (T_STRING) в C:\xampp\htdocs\TES\wp-content\themes\tkani-shop\woocommerce\includes\wc-functions-remove.php на строке 23

2019-06-10T14:39:30+00:00 CRITICAL syntax error, unexpected 'remove_all_actions' (T_STRING) в C:\xampp\htdocs\TES\wp-content\themes\tkani-shop\woocommerce\includes\wc-functions-remove.php на строке 23

2019-06-10T14:39:45+00:00 CRITICAL syntax error, unexpected 'remove_all_actions' (T_STRING) в C:\xampp\htdocs\TES\wp-content\themes\tkani-shop\woocommerce\includes\wc-functions-remove.php на строке 23

2019-06-10T14:40:12+00:00 CRITICAL syntax error, unexpected 'remove_all_actions' (T_STRING) в C:\xampp\htdocs\TES\wp-content\themes\tkani-shop\woocommerce\includes\wc-functions-remove.php на строке 23

2019-06-10T14:40:27+00:00 CRITICAL syntax error, unexpected 'remove_all_actions' (T_STRING) в C:\xampp\htdocs\TES\wp-content\themes\tkani-shop\woocommerce\includes\wc-functions-remove.php на строке 23

2019-06-10T14:41:12+00:00 CRITICAL syntax error, unexpected 'remove_all_actions' (T_STRING) в C:\xampp\htdocs\TES\wp-content\themes\tkani-shop\woocommerce\includes\wc-functions-remove.php на строке 23

2019-06-10T14:41:17+00:00 CRITICAL syntax error, unexpected 'remove_all_actions' (T_STRING) в C:\xampp\htdocs\TES\wp-content\themes\tkani-shop\woocommerce\includes\wc-functions-remove.php на строке 23

2019-06-10T14:41:26+00:00 CRITICAL syntax error, unexpected 'remove_all_actions' (T_STRING) в C:\xampp\htdocs\TES\wp-content\themes\tkani-shop\woocommerce\includes\wc-functions-remove.php на строке 23

2019-06-10T14:42:21+00:00 CRITICAL syntax error, unexpected 'remove_all_actions' (T_STRING) в C:\xampp\htdocs\TES\wp-content\themes\tkani-shop\woocommerce\includes\wc-functions-remove.php на строке 23

2019-06-10T14:43:01+00:00 CRITICAL syntax error, unexpected 'remove_all_actions' (T_STRING) в C:\xampp\htdocs\TES\wp-content\themes\tkani-shop\woocommerce\includes\wc-functions-remove.php на строке 23

